2025-08-18 01:49:22 - sshpilot.config - INFO - Using GSettings for configuration
2025-08-18 01:49:22 - sshpilot.config - INFO - Using GSettings for configuration
2025-08-18 01:49:22 - root - INFO - sshPilot application initialized
2025-08-18 01:49:23 - asyncio - DEBUG - Using selector: EpollSelector
2025-08-18 01:49:23 - sshpilot.config - INFO - Using GSettings for configuration
2025-08-18 01:49:23 - sshpilot.config - INFO - Using GSettings for configuration
2025-08-18 01:49:23 - sshpilot.config - INFO - Using GSettings for configuration
2025-08-18 01:49:23 - sshpilot.config - INFO - Using GSettings for configuration
2025-08-18 01:49:23 - sshpilot.config - INFO - Using GSettings for configuration
2025-08-18 01:49:23 - sshpilot.connection_manager - INFO - Loaded 5 connections from SSH config
2025-08-18 01:49:23 - sshpilot.config - INFO - Using GSettings for configuration
2025-08-18 01:49:23 - sshpilot.window - INFO - Loading UI from resources...
2025-08-18 01:49:23 - sshpilot.window - WARNING - Failed to load from resources: gtk-builder-error-quark: .:7:1 Template declaration (class 'MainWindow', parent 'AdwApplicationWindow') where templates aren't supported (1)
2025-08-18 01:49:23 - sshpilot.window - INFO - Loading UI from local file...
2025-08-18 01:49:23 - sshpilot.window - INFO - Successfully loaded UI from local file
2025-08-18 01:49:23 - sshpilot.window - INFO - Connecting signals...
2025-08-18 01:49:23 - sshpilot.window - INFO - Connecting add_button signal
2025-08-18 01:49:23 - sshpilot.window - INFO - Connecting edit_button signal
2025-08-18 01:49:23 - sshpilot.window - INFO - Connecting delete_button signal
2025-08-18 01:49:23 - sshpilot.window - INFO - Connecting menu_button signal
2025-08-18 01:49:23 - sshpilot.window - INFO - Signal connections completed
2025-08-18 01:49:23 - sshpilot.window - INFO - Tab view is ready
2025-08-18 01:49:23 - sshpilot.window - DEBUG - Updating status for NL: is_connected=False
2025-08-18 01:49:23 - sshpilot.window - DEBUG - Set status icon to disconnected for NL
2025-08-18 01:49:23 - sshpilot.window - DEBUG - Updating status for Racknerd: is_connected=False
2025-08-18 01:49:23 - sshpilot.window - DEBUG - Set status icon to disconnected for Racknerd
2025-08-18 01:49:23 - sshpilot.window - DEBUG - Updating status for GulloDE: is_connected=False
2025-08-18 01:49:23 - sshpilot.window - DEBUG - Set status icon to disconnected for GulloDE
2025-08-18 01:49:23 - sshpilot.window - DEBUG - Updating status for localhost: is_connected=False
2025-08-18 01:49:23 - sshpilot.window - DEBUG - Set status icon to disconnected for localhost
2025-08-18 01:49:23 - sshpilot.window - DEBUG - Updating status for router: is_connected=False
2025-08-18 01:49:23 - sshpilot.window - DEBUG - Set status icon to disconnected for router
2025-08-18 01:49:23 - sshpilot.window - INFO - Main window initialized
2025-08-18 01:49:23 - sshpilot.connection_manager - INFO - Found 9 SSH keys: ['/home/mahdi/.ssh/t4', '/home/mahdi/.ssh/test2', '/home/mahdi/.ssh/id_ed25519', '/home/mahdi/.ssh/id_rsa', '/home/mahdi/.ssh/t6', '/home/mahdi/.ssh/id_dsa', '/home/mahdi/.ssh/t5', '/home/mahdi/.ssh/SecureKey', '/home/mahdi/.ssh/testkey']
2025-08-18 01:49:23 - sshpilot.connection_manager - INFO - Secure storage initialized
2025-08-18 01:49:24 - sshpilot.window - INFO - Connection selected: <window.ConnectionRow object at 0x77fd0dffed80 (sshpilot+window+ConnectionRow at 0x28a2f320)>
2025-08-18 01:49:24 - sshpilot.window - INFO - Connection selected: router
2025-08-18 01:49:24 - sshpilot.window - INFO - Connection selected: <window.ConnectionRow object at 0x77fd0dffed80 (sshpilot+window+ConnectionRow at 0x28a2f320)>
2025-08-18 01:49:24 - sshpilot.window - INFO - Connection selected: router
2025-08-18 01:49:26 - sshpilot.window - INFO - Connection selected: <window.ConnectionRow object at 0x77fd0dfceb00 (sshpilot+window+ConnectionRow at 0x28652f40)>
2025-08-18 01:49:26 - sshpilot.window - INFO - Connection selected: localhost
2025-08-18 01:49:26 - sshpilot.window - INFO - Connection selected: <window.ConnectionRow object at 0x77fd0dfceb00 (sshpilot+window+ConnectionRow at 0x28652f40)>
2025-08-18 01:49:26 - sshpilot.window - INFO - Connection selected: localhost
2025-08-18 01:49:27 - sshpilot.window - INFO - Connection selected: <window.ConnectionRow object at 0x77fd0dffed80 (sshpilot+window+ConnectionRow at 0x28a2f320)>
2025-08-18 01:49:27 - sshpilot.window - INFO - Connection selected: router
2025-08-18 01:49:27 - sshpilot.window - INFO - Connection selected: <window.ConnectionRow object at 0x77fd0dffed80 (sshpilot+window+ConnectionRow at 0x28a2f320)>
2025-08-18 01:49:27 - sshpilot.window - INFO - Connection selected: router
2025-08-18 01:49:28 - sshpilot.window - INFO - Connection selected: <window.ConnectionRow object at 0x77fd0dfcea80 (sshpilot+window+ConnectionRow at 0x288cbf90)>
2025-08-18 01:49:28 - sshpilot.window - INFO - Connection selected: GulloDE
2025-08-18 01:49:29 - sshpilot.window - INFO - Connection selected: <window.ConnectionRow object at 0x77fd0dfcea80 (sshpilot+window+ConnectionRow at 0x288cbf90)>
2025-08-18 01:49:29 - sshpilot.window - INFO - Connection selected: GulloDE
2025-08-18 01:49:29 - sshpilot.window - INFO - Connection selected: <window.ConnectionRow object at 0x77fd0dffc700 (sshpilot+window+ConnectionRow at 0x288400e0)>
2025-08-18 01:49:29 - sshpilot.window - INFO - Connection selected: Racknerd
2025-08-18 01:49:29 - sshpilot.window - INFO - Connection selected: <window.ConnectionRow object at 0x77fd0dffc700 (sshpilot+window+ConnectionRow at 0x288400e0)>
2025-08-18 01:49:29 - sshpilot.window - INFO - Connection selected: Racknerd
2025-08-18 01:49:50 - sshpilot.window - INFO - Connection selected: <window.ConnectionRow object at 0x77fd0dfceb00 (sshpilot+window+ConnectionRow at 0x28652f40)>
2025-08-18 01:49:50 - sshpilot.window - INFO - Connection selected: localhost
2025-08-18 01:49:50 - sshpilot.window - INFO - Connection selected: <window.ConnectionRow object at 0x77fd0dfceb00 (sshpilot+window+ConnectionRow at 0x28652f40)>
2025-08-18 01:49:50 - sshpilot.window - INFO - Connection selected: localhost
2025-08-18 01:50:11 - sshpilot.window - INFO - Connection selected: <window.ConnectionRow object at 0x77fd0dffc700 (sshpilot+window+ConnectionRow at 0x288400e0)>
2025-08-18 01:50:11 - sshpilot.window - INFO - Connection selected: Racknerd
2025-08-18 01:50:12 - sshpilot.window - INFO - Connection selected: <window.ConnectionRow object at 0x77fd0dffc700 (sshpilot+window+ConnectionRow at 0x288400e0)>
2025-08-18 01:50:12 - sshpilot.window - INFO - Connection selected: Racknerd
2025-08-18 01:50:16 - sshpilot.window - INFO - Connection selected: <window.ConnectionRow object at 0x77fd0dffed80 (sshpilot+window+ConnectionRow at 0x28a2f320)>
2025-08-18 01:50:16 - sshpilot.window - INFO - Connection selected: router
